C:\Users\Administrator\Downloads\mt5-bot\live_bot.py:32: FutureWarning: 'H' is deprecated and will be removed in a future version, please use 'h' instead.
  df4  = fetch_mt5_ohlcv(symbol, "4h",    500).resample("1H").ffill().add_suffix("_4h")
C:\Users\Administrator\Downloads\mt5-bot\live_bot.py:33: FutureWarning: 'H' is deprecated and will be removed in a future version, please use 'h' instead.
  df30 = fetch_mt5_ohlcv(symbol, "30m",  4000).resample("1H").last().ffill().add_suffix("_30m")
C:\Users\Administrator\Downloads\mt5-bot\venv\Lib\site-packages\ta\trend.py:1030: FutureWarning: Series.__setitem__ treating keys as positions is deprecated. In a future version, integer keys will always be treated as labels (consistent with DataFrame behavior). To set a value by position, use `ser.iloc[pos] = value`
  self._psar[i] = high2
C:\Users\Administrator\Downloads\mt5-bot\venv\Lib\site-packages\ta\trend.py:1030: FutureWarning: Series.__setitem__ treating keys as positions is deprecated. In a future version, integer keys will always be treated as labels (consistent with DataFrame behavior). To set a value by position, use `ser.iloc[pos] = value`
  self._psar[i] = high2
C:\Users\Administrator\Downloads\mt5-bot\venv\Lib\site-packages\ta\trend.py:1030: FutureWarning: Series.__setitem__ treating keys as positions is deprecated. In a future version, integer keys will always be treated as labels (consistent with DataFrame behavior). To set a value by position, use `ser.iloc[pos] = value`
  self._psar[i] = high2
C:\Users\Administrator\Downloads\mt5-bot\venv\Lib\site-packages\sklearn\utils\validation.py:2739: UserWarning: X does not have valid feature names, but RandomForestClassifier was fitted with feature names
  warnings.warn(
C:\Users\Administrator\Downloads\mt5-bot\venv\Lib\site-packages\sklearn\utils\validation.py:2739: UserWarning: X does not have valid feature names, but RandomForestClassifier was fitted with feature names
  warnings.warn(
MT5 initialized & logged in. Waiting for symbols...
? Attached to running MT5
? Attached to running MT5
? Attached to running MT5
2025-04-28 16:00:00 -> BUY @ 64.5%
ERROR: symbol_select failed: (-10004, 'No IPC connection')
MT5 shutdown.
